<?xml version="1.0" encoding="UTF-8"?>
<!-- Generated by org.testng.reporters.JUnitReportReporter -->
<testsuite skipped="0" hostname="DESKTOP-312LUPN" name="com.training.regression.tests.CreateRetailOrder_Test" tests="1" failures="0" timestamp="13 Mar 2019 16:54:26 GMT" time="108.700" errors="0">
  <testcase name="createOrderTest" time="108.700" classname="com.training.regression.tests.CreateRetailOrder_Test"/>
</testsuite> <!-- com.training.regression.tests.CreateRetailOrder_Test -->
