<?xml version="1.0" encoding="UTF-8"?>
<!-- Generated by org.testng.reporters.JUnitReportReporter -->
<testsuite skipped="0" hostname="DESKTOP-312LUPN" name="com.training.regression.tests.RTTC_078_Test" tests="1" failures="0" timestamp="01 Apr 2019 09:54:59 GMT" time="86.821" errors="0">
  <testcase name="addCategoryProductTest" time="86.821" classname="com.training.regression.tests.RTTC_078_Test"/>
</testsuite> <!-- com.training.regression.tests.RTTC_078_Test -->
