<?xml version="1.0" encoding="UTF-8"?>
<!-- Generated by org.testng.reporters.JUnitReportReporter -->
<testsuite skipped="0" hostname="DESKTOP-312LUPN" name="com.training.regression.tests.RTTC_079_Test" tests="2" failures="0" timestamp="04 Apr 2019 11:21:13 GMT" time="165.706" errors="0">
  <testcase name="addCategoryProductTest" time="82.563" classname="com.training.regression.tests.RTTC_079_Test"/>
  <testcase name="addCategoryProductTest" time="83.143" classname="com.training.regression.tests.RTTC_079_Test"/>
</testsuite> <!-- com.training.regression.tests.RTTC_079_Test -->
