<?xml version="1.0" encoding="UTF-8"?>
<!-- Generated by org.testng.reporters.JUnitReportReporter -->
<testsuite skipped="0" hostname="DESKTOP-312LUPN" name="com.training.regression.tests.RTTC_077_Test" tests="1" failures="0" timestamp="04 Apr 2019 11:38:02 GMT" time="74.585" errors="0">
  <testcase name="editOrderTest" time="74.585" classname="com.training.regression.tests.RTTC_077_Test"/>
</testsuite> <!-- com.training.regression.tests.RTTC_077_Test -->
