<?xml version="1.0" encoding="UTF-8"?>
<!-- Generated by org.testng.reporters.JUnitReportReporter -->
<testsuite skipped="0" hostname="DESKTOP-312LUPN" name="com.training.regression.tests.RTTC_046_Test" tests="1" failures="0" timestamp="23 Mar 2019 09:20:12 GMT" time="39.966" errors="0">
  <testcase name="editOrderTest" time="39.966" classname="com.training.regression.tests.RTTC_046_Test"/>
</testsuite> <!-- com.training.regression.tests.RTTC_046_Test -->
