<?xml version="1.0" encoding="UTF-8"?>
<!-- Generated by org.testng.reporters.JUnitReportReporter -->
<testsuite skipped="0" hostname="DESKTOP-312LUPN" name="com.training.regression.tests.RTTC_049_Test" tests="1" failures="0" timestamp="23 Mar 2019 08:01:19 GMT" time="25.699" errors="0">
  <testcase name="addReturnTest" time="25.699" classname="com.training.regression.tests.RTTC_049_Test"/>
</testsuite> <!-- com.training.regression.tests.RTTC_049_Test -->
