<?xml version="1.0" encoding="UTF-8"?>
<!-- Generated by org.testng.reporters.JUnitReportReporter -->
<testsuite skipped="0" hostname="DESKTOP-312LUPN" name="com.training.regression.tests.LoginExcelTest" tests="2" failures="0" timestamp="22 Mar 2019 11:33:04 GMT" time="22.996" errors="0">
  <testcase name="loginDBTest" time="12.138" classname="com.training.regression.tests.LoginExcelTest"/>
  <testcase name="loginDBTest" time="10.858" classname="com.training.regression.tests.LoginExcelTest"/>
</testsuite> <!-- com.training.regression.tests.LoginExcelTest -->
