<?xml version="1.0" encoding="UTF-8"?>
<!-- Generated by org.testng.reporters.JUnitReportReporter -->
<testsuite skipped="0" hostname="DESKTOP-312LUPN" name="com.training.regression.tests.LoginDBTest" tests="2" failures="0" timestamp="22 Mar 2019 10:12:02 GMT" time="26.525" errors="0">
  <testcase name="loginDBTest" time="11.073" classname="com.training.regression.tests.LoginDBTest"/>
  <testcase name="loginDBTest" time="15.452" classname="com.training.regression.tests.LoginDBTest"/>
</testsuite> <!-- com.training.regression.tests.LoginDBTest -->
