<?xml version="1.0" encoding="UTF-8"?>
<!-- Generated by org.testng.reporters.JUnitReportReporter -->
<testsuite skipped="0" hostname="DESKTOP-312LUPN" name="com.training.regression.tests.RTTC_048_Test" tests="1" failures="0" timestamp="23 Mar 2019 09:12:52 GMT" time="67.500" errors="0">
  <testcase name="addCategoryProductTest" time="67.500" classname="com.training.regression.tests.RTTC_048_Test"/>
</testsuite> <!-- com.training.regression.tests.RTTC_048_Test -->
