<?xml version="1.0" encoding="UTF-8"?>
<!-- Generated by org.testng.reporters.JUnitReportReporter -->
<testsuite skipped="0" hostname="DESKTOP-312LUPN" name="com.training.regression.tests.RTTC_047_Test" tests="1" failures="0" timestamp="17 Mar 2019 06:31:33 GMT" time="38.773" errors="0">
  <testcase name="filterOrdersTest" time="38.773" classname="com.training.regression.tests.RTTC_047_Test"/>
</testsuite> <!-- com.training.regression.tests.RTTC_047_Test -->
